# JRE version: OpenJDK Runtime Environment JBR-11.0.9.11-1145.21-jcef (11.0.9+11) (build 11.0.9+11-b1145.21)
# Java VM: OpenJDK 64-Bit Server VM JBR-11.0.9.11-1145.21-jcef (11.0.9+11-b1145.21, mixed mode, tiered, compressed oops, g1 gc, windows-amd64)
Heap:
 garbage-first heap   total 277504K, used 238706K [0x0000000080000000, 0x0000000100000000)
  region size 1024K, 7 young (7168K), 1 survivors (1024K)
 Metaspace       used 116419K, capacity 119536K, committed 120496K, reserved 1155072K
  class space    used 14361K, capacity 15433K, committed 15872K, reserved 1048576K
GC Heap History (20 events):
Event: 2559.373 GC heap before
{Heap before GC invocations=144 (full 0):
 garbage-first heap   total 159744K, used 112007K [0x0000000080000000, 0x0000000100000000)
  region size 1024K, 7 young (7168K), 5 survivors (5120K)
 Metaspace       used 115908K, capacity 119010K, committed 120496K, reserved 1155072K
  class space    used 14341K, capacity 15421K, committed 15872K, reserved 1048576K
}
Event: 2559.414 GC heap after
{Heap after GC invocations=145 (full 0):
 garbage-first heap   total 159744K, used 102169K [0x0000000080000000, 0x0000000100000000)
  region size 1024K, 1 young (1024K), 1 survivors (1024K)
 Metaspace       used 115908K, capacity 119010K, committed 120496K, reserved 1155072K
  class space    used 14341K, capacity 15421K, committed 15872K, reserved 1048576K
}
Event: 2559.754 GC heap before
{Heap before GC invocations=145 (full 0):
 garbage-first heap   total 159744K, used 126745K [0x0000000080000000, 0x0000000100000000)
  region size 1024K, 25 young (25600K), 1 survivors (1024K)
 Metaspace       used 116036K, capacity 119138K, committed 120496K, reserved 1155072K
  class space    used 14341K, capacity 15421K, committed 15872K, reserved 1048576K
}
Event: 2559.795 GC heap after
{Heap after GC invocations=146 (full 0):
 garbage-first heap   total 159744K, used 115689K [0x0000000080000000, 0x0000000100000000)
  region size 1024K, 4 young (4096K), 4 survivors (4096K)
 Metaspace       used 116036K, capacity 119138K, committed 120496K, reserved 1155072K
  class space    used 14341K, capacity 15421K, committed 15872K, reserved 1048576K
}
Event: 2560.356 GC heap before
{Heap before GC invocations=146 (full 0):
 garbage-first heap   total 159744K, used 129001K [0x0000000080000000, 0x0000000100000000)
  region size 1024K, 17 young (17408K), 4 survivors (4096K)
 Metaspace       used 116044K, capacity 119138K, committed 120496K, reserved 1155072K
  class space    used 14341K, capacity 15421K, committed 15872K, reserved 1048576K
}
Event: 2560.411 GC heap after
{Heap after GC invocations=147 (full 0):
 garbage-first heap   total 159744K, used 122710K [0x0000000080000000, 0x0000000100000000)
  region size 1024K, 3 young (3072K), 3 survivors (3072K)
 Metaspace       used 116044K, capacity 119138K, committed 120496K, reserved 1155072K
  class space    used 14341K, capacity 15421K, committed 15872K, reserved 1048576K
}
Event: 2560.593 GC heap before
{Heap before GC invocations=148 (full 0):
 garbage-first heap   total 159744K, used 130902K [0x0000000080000000, 0x0000000100000000)
  region size 1024K, 12 young (12288K), 3 survivors (3072K)
 Metaspace       used 116064K, capacity 119138K, committed 120496K, reserved 1155072K
  class space    used 14341K, capacity 15421K, committed 15872K, reserved 1048576K
}
Event: 2560.612 GC heap after
{Heap after GC invocations=149 (full 0):
 garbage-first heap   total 159744K, used 125281K [0x0000000080000000, 0x0000000100000000)
  region size 1024K, 2 young (2048K), 2 survivors (2048K)
 Metaspace       used 116064K, capacity 119138K, committed 120496K, reserved 1155072K
  class space    used 14341K, capacity 15421K, committed 15872K, reserved 1048576K
}
Event: 2560.785 GC heap before
{Heap before GC invocations=149 (full 0):
 garbage-first heap   total 159744K, used 131425K [0x0000000080000000, 0x0000000100000000)
  region size 1024K, 7 young (7168K), 2 survivors (2048K)
 Metaspace       used 116072K, capacity 119138K, committed 120496K, reserved 1155072K
  class space    used 14341K, capacity 15421K, committed 15872K, reserved 1048576K
}
Event: 2560.806 GC heap after
{Heap after GC invocations=150 (full 0):
 garbage-first heap   total 159744K, used 124530K [0x0000000080000000, 0x0000000100000000)
  region size 1024K, 1 young (1024K), 1 survivors (1024K)
 Metaspace       used 116072K, capacity 119138K, committed 120496K, reserved 1155072K
  class space    used 14341K, capacity 15421K, committed 15872K, reserved 1048576K
}
Event: 2560.839 GC heap before
{Heap before GC invocations=150 (full 0):
 garbage-first heap   total 159744K, used 125554K [0x0000000080000000, 0x0000000100000000)
  region size 1024K, 3 young (3072K), 1 survivors (1024K)
 Metaspace       used 116072K, capacity 119138K, committed 120496K, reserved 1155072K
  class space    used 14341K, capacity 15421K, committed 15872K, reserved 1048576K
}
Event: 2560.849 GC heap after
{Heap after GC invocations=151 (full 0):
 garbage-first heap   total 159744K, used 124710K [0x0000000080000000, 0x0000000100000000)
  region size 1024K, 2 young (2048K), 2 survivors (2048K)
 Metaspace       used 116072K, capacity 119138K, committed 120496K, reserved 1155072K
  class space    used 14341K, capacity 15421K, committed 15872K, reserved 1048576K
}
Event: 2561.555 GC heap before
{Heap before GC invocations=152 (full 0):
 garbage-first heap   total 159744K, used 129830K [0x0000000080000000, 0x0000000100000000)
  region size 1024K, 9 young (9216K), 2 survivors (2048K)
 Metaspace       used 116074K, capacity 119138K, committed 120496K, reserved 1155072K
  class space    used 14341K, capacity 15421K, committed 15872K, reserved 1048576K
}
Event: 2561.590 GC heap after
{Heap after GC invocations=153 (full 0):
 garbage-first heap   total 214016K, used 125060K [0x0000000080000000, 0x0000000100000000)
  region size 1024K, 2 young (2048K), 2 survivors (2048K)
 Metaspace       used 116074K, capacity 119138K, committed 120496K, reserved 1155072K
  class space    used 14341K, capacity 15421K, committed 15872K, reserved 1048576K
}
Event: 2561.762 GC heap before
{Heap before GC invocations=153 (full 0):
 garbage-first heap   total 214016K, used 134276K [0x0000000080000000, 0x0000000100000000)
  region size 1024K, 10 young (10240K), 2 survivors (2048K)
 Metaspace       used 116078K, capacity 119138K, committed 120496K, reserved 1155072K
  class space    used 14341K, capacity 15421K, committed 15872K, reserved 1048576K
}
Event: 2561.781 GC heap after
{Heap after GC invocations=154 (full 0):
 garbage-first heap   total 214016K, used 126656K [0x0000000080000000, 0x0000000100000000)
  region size 1024K, 2 young (2048K), 2 survivors (2048K)
 Metaspace       used 116078K, capacity 119138K, committed 120496K, reserved 1155072K
  class space    used 14341K, capacity 15421K, committed 15872K, reserved 1048576K
}
Event: 2562.103 GC heap before
{Heap before GC invocations=154 (full 0):
 garbage-first heap   total 214016K, used 145088K [0x0000000080000000, 0x0000000100000000)
  region size 1024K, 21 young (21504K), 2 survivors (2048K)
 Metaspace       used 116150K, capacity 119230K, committed 120496K, reserved 1155072K
  class space    used 14341K, capacity 15421K, committed 15872K, reserved 1048576K
}
Event: 2562.115 GC heap after
{Heap after GC invocations=155 (full 0):
 garbage-first heap   total 214016K, used 126879K [0x0000000080000000, 0x0000000100000000)
  region size 1024K, 3 young (3072K), 3 survivors (3072K)
 Metaspace       used 116150K, capacity 119230K, committed 120496K, reserved 1155072K
  class space    used 14341K, capacity 15421K, committed 15872K, reserved 1048576K
}
Event: 2563.504 GC heap before
{Heap before GC invocations=156 (full 0):
 garbage-first heap   total 214016K, used 159647K [0x0000000080000000, 0x0000000100000000)
  region size 1024K, 31 young (31744K), 3 survivors (3072K)
 Metaspace       used 116259K, capacity 119396K, committed 120496K, reserved 1155072K
  class space    used 14351K, capacity 15432K, committed 15872K, reserved 1048576K
}
Event: 2563.509 GC heap after
{Heap after GC invocations=157 (full 0):
 garbage-first heap   total 214016K, used 124018K [0x0000000080000000, 0x0000000100000000)
  region size 1024K, 1 young (1024K), 1 survivors (1024K)
 Metaspace       used 116259K, capacity 119396K, committed 120496K, reserved 1155072K
  class space    used 14351K, capacity 15432K, committed 15872K, reserved 1048576K
}

